This is TeX, Version 3.14159 (C version 6.1) (format=latex 98.4.2)  4 OCT 2000 15:03
**gimp
(gimp.tex
LaTeX2e <1996/12/01> patch level 1
Babel <v3.6h> and hyphenation patterns for american, german, loaded.
(/usr/local/lib/texmf/tex/latex/base/report.cls
Document Class: report 1996/10/31 v1.3u Standard LaTeX document class
(/usr/local/lib/texmf/tex/latex/base/size10.clo
File: size10.clo 1996/10/31 v1.3u Standard LaTeX file (size option)
)
\c@part=\count79
\c@chapter=\count80
\c@section=\count81
\c@subsection=\count82
\c@subsubsection=\count83
\c@paragraph=\count84
\c@subparagraph=\count85
\c@figure=\count86
\c@table=\count87
\abovecaptionskip=\skip41
\belowcaptionskip=\skip42
\bibindent=\dimen102
)
(/usr/local/lib/texmf/tex/latex/graphics/epsfig.sty
Package: epsfig 1996/10/04 v1.7 (e)psfig emulation (SPQR)

(/usr/local/lib/texmf/tex/latex/graphics/graphicx.sty
Package: graphicx 1996/10/31 v1.0c Enhanced LaTeX Graphics (DPC,SPQR)

(/usr/local/lib/texmf/tex/latex/graphics/keyval.sty
Package: keyval 1995/09/21 v1.09 key=value parser (DPC)
)
(/usr/local/lib/texmf/tex/latex/graphics/graphics.sty
Package: graphics 1996/10/31 v1.0c Standard LaTeX Graphics (DPC,SPQR)

(/usr/local/lib/texmf/tex/latex/graphics/trig.sty
Package: trig 1994/10/16 v1.08 sin cos tan (DPC)
)
(/usr/local/lib/texmf/tex/latex/config/graphics.cfg)
Package graphics Info: Driver file: dvips.def on input line 82.

(/usr/local/lib/texmf/tex/latex/graphics/dvips.def
File: dvips.def 1996/12/12 v3.0d Driver-dependant file (DPC,SPQR)
))
\Gin@req@height=\dimen103
\Gin@req@width=\dimen104
)
\epsfxsize=\dimen105
\epsfysize=\dimen106
) (gimp.aux)
LaTeX Font Info:    Checking defaults for OML/cmm/m/it on input line 3.
LaTeX Font Info:    ... okay on input line 3.
LaTeX Font Info:    Checking defaults for T1/cmr/m/n on input line 3.
LaTeX Font Info:    ... okay on input line 3.
LaTeX Font Info:    Checking defaults for OT1/cmr/m/n on input line 3.
LaTeX Font Info:    ... okay on input line 3.
LaTeX Font Info:    Checking defaults for OMS/cmsy/m/n on input line 3.
LaTeX Font Info:    ... okay on input line 3.
LaTeX Font Info:    Checking defaults for OMX/cmex/m/n on input line 3.
LaTeX Font Info:    ... okay on input line 3.
LaTeX Font Info:    Checking defaults for U/cmr/m/n on input line 3.
LaTeX Font Info:    ... okay on input line 3.
LaTeX Font Info:    External font `cmex10' loaded for size
(Font)              <12> on input line 16.
LaTeX Font Info:    External font `cmex10' loaded for size
(Font)              <8> on input line 16.
LaTeX Font Info:    External font `cmex10' loaded for size
(Font)              <6> on input line 16.
 [1

] (gimp.toc
LaTeX Font Info:    External font `cmex10' loaded for size
(Font)              <7> on input line 3.
LaTeX Font Info:    External font `cmex10' loaded for size
(Font)              <5> on input line 3.
[1

])
\tf@toc=\write3
 [2]
Chapter 1.
(introduction.tex
LaTeX Font Info:    Try loading font information for OMS+cmr on input line 25.
 (/usr/local/lib/texmf/tex/latex/base/omscmr.fd
File: omscmr.fd 1997/01/14 v2.5a Standard LaTeX font definitions
)
LaTeX Font Info:    Font shape `OMS/cmr/m/n' in size <10> not available
(Font)              Font shape `OMS/cmsy/m/n' tried instead on input line 25.
 [3

]) [4]
Chapter 2.
(intro_gimp.tex) (gimp_future.tex) (gimp2.tex [5

] [6]
Overfull \hbox (10.27849pt too wide) in paragraph at lines 79--80
[]\OT1/cmr/m/n/10 Most of this chap-ter is taken from http://www.gimp.org/gimpc
on/review.html. 
 []

) [7]
Chapter 3.
(intro_gegl.tex) (higher_level_design_gegl.tex) (lower_level_design_gegl.tex
[8

]) (current_state_gegl.tex) [9]
Chapter 4.
(schedule2.tex
Underfull \hbox (badness 10000) in paragraph at lines 30--30
[]\OT1/cmr/m/n/10 MicroGimp-
 []


Underfull \hbox (badness 3884) in paragraph at lines 30--31
[]\OT1/cmr/m/n/10 Create stripped down GIMP
 []


Underfull \hbox (badness 10000) in paragraph at lines 33--33
[]\OT1/cmr/m/n/10 MicroGimp-
 []


Underfull \hbox (badness 10000) in paragraph at lines 36--36
[]\OT1/cmr/m/n/10 MicroGimp-
 []


Underfull \hbox (badness 10000) in paragraph at lines 39--39
[]\OT1/cmr/m/n/10 MicroGimp-
 []


Underfull \hbox (badness 1577) in paragraph at lines 39--40
[]\OT1/cmr/m/n/10 Write first test tools: paint,
 []


Overfull \hbox (3.37242pt too wide) in paragraph at lines 53--53
[]\OT1/cmr/m/n/10 Specialization|  
 []


Underfull \hbox (badness 10000) in paragraph at lines 73--75
[]\OT1/cmr/m/n/10 Complete Im-age, Draw-able,
 []


Underfull \hbox (badness 1092) in paragraph at lines 73--75
\OT1/cmr/m/n/10 Layer, Chan-nel classes. The
 []


Underfull \hbox (badness 10000) in paragraph at lines 85--85
[]\OT1/cmr/m/n/10 Painting
 []


Underfull \hbox (badness 10000) in paragraph at lines 85--85
[]\OT1/cmr/m/n/10 gimpcore,
 []


Underfull \hbox (badness 10000) in paragraph at lines 89--89
[]\OT1/cmr/m/n/10 gimpcore,
 []


Overfull \hbox (21.63051pt too wide) in paragraph at lines 22--92
[]  
 []

[10

]
Overfull \vbox (17.76204pt too high) has occurred while \output is active []


[11]
Underfull \hbox (badness 10000) in paragraph at lines 100--100
[]\OT1/cmr/m/n/10 gimpcore,
 []


Underfull \hbox (badness 10000) in paragraph at lines 104--104
[]\OT1/cmr/m/n/10 gimpcore,
 []


Underfull \hbox (badness 10000) in paragraph at lines 107--107
[]\OT1/cmr/m/n/10 gimpcore,
 []


Underfull \hbox (badness 10000) in paragraph at lines 109--110
\OT1/cmr/m/n/10 gim-p-coreui,
 []


Underfull \hbox (badness 1769) in paragraph at lines 114--115
[]\OT1/cmr/m/n/10 Corba based de-sign for com-
 []


Underfull \hbox (badness 10000) in paragraph at lines 115--115
[]\OT1/cmr/m/n/10 gimpext,
 []


Overfull \hbox (21.63051pt too wide) in paragraph at lines 93--123
[][]  
 []

) [12]
Chapter 5.
(conclution.tex) [13

]
Appendix A.
(history_gimp.tex) (gimp1.2.tex) (gimp_film.tex [14

]) (gimp_license.tex)
[15]
Appendix B.
(intro_rnh.tex) (rnh_why.tex) (rnh_what.tex [16

]) (rnh_fail.tex) (rnh_dir.tex
[17]) [18]
Appendix C.
(cooperation.tex) [19

]
Appendix D.
(more_info.tex) [20

] (gimp.aux) ) 
Here is how much of TeX's memory you used:
 746 strings out of 10906
 7950 string characters out of 72188
 59800 words of memory out of 262141
 3539 multiletter control sequences out of 9500
 9453 words of font info for 33 fonts, out of 150000 for 255
 14 hyphenation exceptions out of 607
 32i,8n,21p,208b,252s stack positions out of 300i,40n,60p,3000b,4000s

Output written on gimp.dvi (21 pages, 45540 bytes).
